{"numTotalTestSuites":50,"numPassedTestSuites":50,"numFailedTestSuites":0,"numPendingTestSuites":0,"numTotalTests":82,"numPassedTests":82,"numFailedTests":0,"numPendingTests":0,"numTodoTests":0,"snapshot":{"added":0,"failure":false,"filesAdded":0,"filesRemoved":0,"filesRemovedList":[],"filesUnmatched":0,"filesUpdated":0,"matched":0,"total":0,"unchecked":0,"uncheckedKeysByFile":[],"unmatched":0,"updated":0,"didUpdate":false},"startTime":1777797224000,"success":true,"testResults":[{"assertionResults":[{"ancestorTitles":["router smoke"],"fullName":"router smoke renders login route for unauthenticated state","status":"passed","title":"renders login route for unauthenticated state","duration":410.6271999999999,"failureMessages":[],"meta":{},"tags":[]},{"ancestorTitles":["router smoke"],"fullName":"router smoke renders dashboard route for verified authenticated state","status":"passed","title":"renders dashboard route for verified authenticated state","duration":124.15549999999985,"failureMessages":[],"meta":{},"tags":[]}],"startTime":1777797226768,"endTime":1777797227302.1555,"status":"passed","message":"","name":"V:/REZEIS_ADMIN_RUID_USER/rezeis/rezeis-admin/web/src/app/router.smoke.test.tsx"},{"assertionResults":[{"ancestorTitles":["BackupPage"],"fullName":"BackupPage renders read-only backup manifest with export disabled","status":"passed","title":"renders read-only backup manifest with export disabled","duration":475.4955,"failureMessages":[],"meta":{},"tags":[]}],"startTime":1777797225623,"endTime":1777797226098.4956,"status":"passed","message":"","name":"V:/REZEIS_ADMIN_RUID_USER/rezeis/rezeis-admin/web/src/features/backup/backup-page.smoke.test.tsx"},{"assertionResults":[{"ancestorTitles":["DashboardPage"],"fullName":"DashboardPage renders backend-owned dashboard KPI summary","status":"passed","title":"renders backend-owned dashboard KPI summary","duration":491.70410000000015,"failureMessages":[],"meta":{},"tags":[]}],"startTime":1777797225608,"endTime":1777797226099.704,"status":"passed","message":"","name":"V:/REZEIS_ADMIN_RUID_USER/rezeis/rezeis-admin/web/src/features/dashboard/dashboard-page.smoke.test.tsx"},{"assertionResults":[{"ancestorTitles":["broadcast page smoke"],"fullName":"broadcast page smoke creates a draft and previews audience without send controls","status":"passed","title":"creates a draft and previews audience without send controls","duration":738.3996999999997,"failureMessages":[],"meta":{},"tags":[]}],"startTime":1777797225655,"endTime":1777797226393.3997,"status":"passed","message":"","name":"V:/REZEIS_ADMIN_RUID_USER/rezeis/rezeis-admin/web/src/features/broadcast/broadcast-page.smoke.test.tsx"},{"assertionResults":[{"ancestorTitles":["importsApi rollback client"],"fullName":"importsApi rollback client routes rollback batch through bounded admin imports endpoint","status":"passed","title":"routes rollback batch through bounded admin imports endpoint","duration":3.8251999999999953,"failureMessages":[],"meta":{},"tags":[]}],"startTime":1777797227328,"endTime":1777797227331.8252,"status":"passed","message":"","name":"V:/REZEIS_ADMIN_RUID_USER/rezeis/rezeis-admin/web/src/features/imports/imports-api.test.ts"},{"assertionResults":[{"ancestorTitles":["ImportsPage"],"fullName":"ImportsPage runs a dry-run preview without commit controls","status":"passed","title":"runs a dry-run preview without commit controls","duration":238.05259999999998,"failureMessages":[],"meta":{},"tags":[]},{"ancestorTitles":["ImportsPage"],"fullName":"ImportsPage shows rolled-back batches without commit or rollback controls","status":"passed","title":"shows rolled-back batches without commit or rollback controls","duration":77.90150000000017,"failureMessages":[],"meta":{},"tags":[]}],"startTime":1777797227260,"endTime":1777797227575.9016,"status":"passed","message":"","name":"V:/REZEIS_ADMIN_RUID_USER/rezeis/rezeis-admin/web/src/features/imports/imports-page.smoke.test.tsx"},{"assertionResults":[{"ancestorTitles":["GovernancePage"],"fullName":"GovernancePage renders mutation governance catalog without action buttons","status":"passed","title":"renders mutation governance catalog without action buttons","duration":497.54020000000014,"failureMessages":[],"meta":{},"tags":[]}],"startTime":1777797225621,"endTime":1777797226118.5403,"status":"passed","message":"","name":"V:/REZEIS_ADMIN_RUID_USER/rezeis/rezeis-admin/web/src/features/governance/governance-page.smoke.test.tsx"},{"assertionResults":[{"ancestorTitles":["plans page smoke"],"fullName":"plans page smoke renders with empty catalog data","status":"passed","title":"renders with empty catalog data","duration":50.352499999999964,"failureMessages":[],"meta":{},"tags":[]},{"ancestorTitles":["plans page smoke"],"fullName":"plans page smoke renders a safe error state when catalog request fails","status":"passed","title":"renders a safe error state when catalog request fails","duration":28.751600000000053,"failureMessages":[],"meta":{},"tags":[]}],"startTime":1777797227500,"endTime":1777797227579.7517,"status":"passed","message":"","name":"V:/REZEIS_ADMIN_RUID_USER/rezeis/rezeis-admin/web/src/features/catalog/plans-page.smoke.test.tsx"},{"assertionResults":[{"ancestorTitles":["partners page smoke"],"fullName":"partners page smoke renders translated partner workflow, sends the typed create payload, and gates actions by status","status":"passed","title":"renders translated partner workflow, sends the typed create payload, and gates actions by status","duration":433.26940000000013,"failureMessages":[],"meta":{},"tags":[]},{"ancestorTitles":["partners page smoke"],"fullName":"partners page smoke keeps comments isolated per row and shows translated workflow copy","status":"passed","title":"keeps comments isolated per row and shows translated workflow copy","duration":107.96299999999974,"failureMessages":[],"meta":{},"tags":[]},{"ancestorTitles":["partners page smoke"],"fullName":"partners page smoke hydrates from user search handoff and links back to the user cockpit","status":"passed","title":"hydrates from user search handoff and links back to the user cockpit","duration":82.79500000000007,"failureMessages":[],"meta":{},"tags":[]}],"startTime":1777797225609,"endTime":1777797226232.795,"status":"passed","message":"","name":"V:/REZEIS_ADMIN_RUID_USER/rezeis/rezeis-admin/web/src/features/partners/partners-page.smoke.test.tsx"},{"assertionResults":[{"ancestorTitles":["promocodes page smoke"],"fullName":"promocodes page smoke renders promo codes and activation queries safely","status":"passed","title":"renders promo codes and activation queries safely","duration":166.9466,"failureMessages":[],"meta":{},"tags":[]},{"ancestorTitles":["promocodes page smoke"],"fullName":"promocodes page smoke submits operator activation from the activations tab","status":"passed","title":"submits operator activation from the activations tab","duration":168.49540000000002,"failureMessages":[],"meta":{},"tags":[]},{"ancestorTitles":["promocodes page smoke"],"fullName":"promocodes page smoke supports subscription follow-up submit with the bounded backend subscription payload","status":"passed","title":"supports subscription follow-up submit with the bounded backend subscription payload","duration":237.66139999999973,"failureMessages":[],"meta":{},"tags":[]},{"ancestorTitles":["promocodes page smoke"],"fullName":"promocodes page smoke clears stale follow-up state when the operator changes the request after a subscription-required response","status":"passed","title":"clears stale follow-up state when the operator changes the request after a subscription-required response","duration":134.81770000000006,"failureMessages":[],"meta":{},"tags":[]},{"ancestorTitles":["promocodes page smoke"],"fullName":"promocodes page smoke renders terminal NONE failures as failures without keeping follow-up state","status":"passed","title":"renders terminal NONE failures as failures without keeping follow-up state","duration":116.45139999999992,"failureMessages":[],"meta":{},"tags":[]}],"startTime":1777797225683,"endTime":1777797226507.4514,"status":"passed","message":"","name":"V:/REZEIS_ADMIN_RUID_USER/rezeis/rezeis-admin/web/src/features/promocodes/promocodes-page.smoke.test.tsx"},{"assertionResults":[{"ancestorTitles":["payment alerts page smoke"],"fullName":"payment alerts page smoke hydrates once, keeps operator edits during later cache updates, and saves the trimmed settings payload","status":"passed","title":"hydrates once, keeps operator edits during later cache updates, and saves the trimmed settings payload","duration":260.11019999999985,"failureMessages":[],"meta":{},"tags":[]},{"ancestorTitles":["payment alerts page smoke"],"fullName":"payment alerts page smoke keeps test enabled for note-only edits and sends only the note payload","status":"passed","title":"keeps test enabled for note-only edits and sends only the note payload","duration":76.76850000000013,"failureMessages":[],"meta":{},"tags":[]},{"ancestorTitles":["payment alerts page smoke"],"fullName":"payment alerts page smoke shows translated inline validation feedback and translated slice-level save alerts for known backend errors","status":"passed","title":"shows translated inline validation feedback and translated slice-level save alerts for known backend errors","duration":155.3166000000001,"failureMessages":[],"meta":{},"tags":[]},{"ancestorTitles":["payment alerts page smoke"],"fullName":"payment alerts page smoke shows translated slice-level test alerts for known backend errors while keeping the request note-only","status":"passed","title":"shows translated slice-level test alerts for known backend errors while keeping the request note-only","duration":80.28289999999993,"failureMessages":[],"meta":{},"tags":[]}],"startTime":1777797225618,"endTime":1777797226190.283,"status":"passed","message":"","name":"V:/REZEIS_ADMIN_RUID_USER/rezeis/rezeis-admin/web/src/features/payments/payment-alerts-page.smoke.test.tsx"},{"assertionResults":[{"ancestorTitles":["payment gateways page smoke"],"fullName":"payment gateways page smoke renders with empty gateway list","status":"passed","title":"renders with empty gateway list","duration":42.018299999999954,"failureMessages":[],"meta":{},"tags":[]},{"ancestorTitles":["payment gateways page smoke"],"fullName":"payment gateways page smoke renders a safe error state when gateways request fails","status":"passed","title":"renders a safe error state when gateways request fails","duration":26.606700000000046,"failureMessages":[],"meta":{},"tags":[]}],"startTime":1777797227505,"endTime":1777797227573.6067,"status":"passed","message":"","name":"V:/REZEIS_ADMIN_RUID_USER/rezeis/rezeis-admin/web/src/features/payments/payment-gateways-page.smoke.test.tsx"},{"assertionResults":[{"ancestorTitles":["payment reconciliation page smoke"],"fullName":"payment reconciliation page smoke renders health metrics safely","status":"passed","title":"renders health metrics safely","duration":741.4572000000001,"failureMessages":[],"meta":{},"tags":[]}],"startTime":1777797225609,"endTime":1777797226350.4573,"status":"passed","message":"","name":"V:/REZEIS_ADMIN_RUID_USER/rezeis/rezeis-admin/web/src/features/payments/payment-reconciliation-page.smoke.test.tsx"},{"assertionResults":[{"ancestorTitles":["payment transactions page smoke"],"fullName":"payment transactions page smoke renders with empty transactions list","status":"passed","title":"renders with empty transactions list","duration":264.9484,"failureMessages":[],"meta":{},"tags":[]},{"ancestorTitles":["payment transactions page smoke"],"fullName":"payment transactions page smoke renders a safe error state when transactions request fails","status":"passed","title":"renders a safe error state when transactions request fails","duration":146.73419999999987,"failureMessages":[],"meta":{},"tags":[]},{"ancestorTitles":["payment transactions page smoke"],"fullName":"payment transactions page smoke covers the refund request readiness, draft, detail, preflight, execution, and history flow","status":"passed","title":"covers the refund request readiness, draft, detail, preflight, execution, and history flow","duration":1239.4759999999999,"failureMessages":[],"meta":{},"tags":[]}],"startTime":1777797225653,"endTime":1777797227303.476,"status":"passed","message":"","name":"V:/REZEIS_ADMIN_RUID_USER/rezeis/rezeis-admin/web/src/features/payments/payment-transactions-page.smoke.test.tsx"},{"assertionResults":[{"ancestorTitles":["payment webhooks page smoke"],"fullName":"payment webhooks page smoke renders empty webhook inbox safely","status":"passed","title":"renders empty webhook inbox safely","duration":190.11180000000013,"failureMessages":[],"meta":{},"tags":[]},{"ancestorTitles":["payment webhooks page smoke"],"fullName":"payment webhooks page smoke renders a safe error state when webhook list fails","status":"passed","title":"renders a safe error state when webhook list fails","duration":142.65689999999995,"failureMessages":[],"meta":{},"tags":[]},{"ancestorTitles":["payment webhooks page smoke"],"fullName":"payment webhooks page smoke renders safe detail context and keeps raw payload reveal intentional","status":"passed","title":"renders safe detail context and keeps raw payload reveal intentional","duration":273.4146999999998,"failureMessages":[],"meta":{},"tags":[]},{"ancestorTitles":["payment webhooks page smoke"],"fullName":"payment webhooks page smoke hydrates once from reconciliation handoff params and keeps manual edits available afterward","status":"passed","title":"hydrates once from reconciliation handoff params and keeps manual edits available afterward","duration":144.2896999999998,"failureMessages":[],"meta":{},"tags":[]}],"startTime":1777797225638,"endTime":1777797226388.2898,"status":"passed","message":"","name":"V:/REZEIS_ADMIN_RUID_USER/rezeis/rezeis-admin/web/src/features/payments/payment-webhooks-page.smoke.test.tsx"},{"assertionResults":[{"ancestorTitles":["referrals page smoke"],"fullName":"referrals page smoke hydrates from the route userId and completes create/revoke invite workflow","status":"passed","title":"hydrates from the route userId and completes create/revoke invite workflow","duration":279.62739999999985,"failureMessages":[],"meta":{},"tags":[]},{"ancestorTitles":["referrals page smoke"],"fullName":"referrals page smoke keeps requests idle when the route userId is invalid","status":"passed","title":"keeps requests idle when the route userId is invalid","duration":8.331299999999828,"failureMessages":[],"meta":{},"tags":[]}],"startTime":1777797227263,"endTime":1777797227550.3313,"status":"passed","message":"","name":"V:/REZEIS_ADMIN_RUID_USER/rezeis/rezeis-admin/web/src/features/referrals/referrals-page.smoke.test.tsx"},{"assertionResults":[{"ancestorTitles":["remnawave page smoke"],"fullName":"remnawave page smoke renders with a successful status payload","status":"passed","title":"renders with a successful status payload","duration":94.16750000000002,"failureMessages":[],"meta":{},"tags":[]},{"ancestorTitles":["remnawave page smoke"],"fullName":"remnawave page smoke renders a safe error state when status request fails","status":"passed","title":"renders a safe error state when status request fails","duration":53.274400000000014,"failureMessages":[],"meta":{},"tags":[]}],"startTime":1777797227519,"endTime":1777797227666.2744,"status":"passed","message":"","name":"V:/REZEIS_ADMIN_RUID_USER/rezeis/rezeis-admin/web/src/features/remnawave/remnawave-page.smoke.test.tsx"},{"assertionResults":[{"ancestorTitles":["access mode page smoke"],"fullName":"access mode page smoke renders the live access mode operator console on the existing platform settings seam","status":"passed","title":"renders the live access mode operator console on the existing platform settings seam","duration":1602.2298,"failureMessages":[],"meta":{},"tags":[]}],"startTime":1777797225581,"endTime":1777797227183.2297,"status":"passed","message":"","name":"V:/REZEIS_ADMIN_RUID_USER/rezeis/rezeis-admin/web/src/features/settings/access-mode-page.smoke.test.tsx"},{"assertionResults":[{"ancestorTitles":["api tokens page smoke"],"fullName":"api tokens page smoke renders issued tokens and reveals the generated secret once after creation","status":"passed","title":"renders issued tokens and reveals the generated secret once after creation","duration":158.32690000000002,"failureMessages":[],"meta":{},"tags":[]},{"ancestorTitles":["api tokens page smoke"],"fullName":"api tokens page smoke revokes an active token from the list and updates status in-place","status":"passed","title":"revokes an active token from the list and updates status in-place","duration":57.08230000000003,"failureMessages":[],"meta":{},"tags":[]}],"startTime":1777797227316,"endTime":1777797227531.0823,"status":"passed","message":"","name":"V:/REZEIS_ADMIN_RUID_USER/rezeis/rezeis-admin/web/src/features/settings/api-tokens-page.smoke.test.tsx"},{"assertionResults":[{"ancestorTitles":["panel settings page smoke"],"fullName":"panel settings page smoke renders the verified panel settings route and persists locale changes","status":"passed","title":"renders the verified panel settings route and persists locale changes","duration":187.93650000000002,"failureMessages":[],"meta":{},"tags":[]}],"startTime":1777797227607,"endTime":1777797227794.9365,"status":"passed","message":"","name":"V:/REZEIS_ADMIN_RUID_USER/rezeis/rezeis-admin/web/src/features/settings/panel-settings-page.smoke.test.tsx"},{"assertionResults":[{"ancestorTitles":["platform settings page smoke"],"fullName":"platform settings page smoke toggles user notification settings","status":"passed","title":"toggles user notification settings","duration":337.1631,"failureMessages":[],"meta":{},"tags":[]},{"ancestorTitles":["platform settings page smoke"],"fullName":"platform settings page smoke updates user notification templates","status":"passed","title":"updates user notification templates","duration":274.83219999999983,"failureMessages":[],"meta":{},"tags":[]}],"startTime":1777797225808,"endTime":1777797226419.8323,"status":"passed","message":"","name":"V:/REZEIS_ADMIN_RUID_USER/rezeis/rezeis-admin/web/src/features/settings/platform-settings-page.smoke.test.tsx"},{"assertionResults":[{"ancestorTitles":["platform settings schema"],"fullName":"platform settings schema accepts every backend-supported access mode","status":"passed","title":"accepts every backend-supported access mode","duration":3.700700000000097,"failureMessages":[],"meta":{},"tags":[]},{"ancestorTitles":["platform settings schema"],"fullName":"platform settings schema rejects legacy admin access mode values","status":"passed","title":"rejects legacy admin access mode values","duration":0.7431000000000267,"failureMessages":[],"meta":{},"tags":[]}],"startTime":1777797227235,"endTime":1777797227239.7432,"status":"passed","message":"","name":"V:/REZEIS_ADMIN_RUID_USER/rezeis/rezeis-admin/web/src/features/settings/platform-settings-schema.test.ts"},{"assertionResults":[{"ancestorTitles":["subscription quote page smoke"],"fullName":"subscription quote page smoke renders initial quote workspace safely","status":"passed","title":"renders initial quote workspace safely","duration":119.61350000000016,"failureMessages":[],"meta":{},"tags":[]},{"ancestorTitles":["subscription quote page smoke"],"fullName":"subscription quote page smoke executes provider checkout and local draft with reviewed quote values","status":"passed","title":"executes provider checkout and local draft with reviewed quote values","duration":403.0653999999997,"failureMessages":[],"meta":{},"tags":[]},{"ancestorTitles":["subscription quote page smoke"],"fullName":"subscription quote page smoke shows checkout error state safely","status":"passed","title":"shows checkout error state safely","duration":261.31519999999955,"failureMessages":[],"meta":{},"tags":[]}],"startTime":1777797225896,"endTime":1777797226680.3152,"status":"passed","message":"","name":"V:/REZEIS_ADMIN_RUID_USER/rezeis/rezeis-admin/web/src/features/subscriptions/subscription-quote-page.smoke.test.tsx"},{"assertionResults":[{"ancestorTitles":["usersApi linked web-account actions"],"fullName":"usersApi linked web-account actions routes activity transactions through bounded admin users wrapper params","status":"passed","title":"routes activity transactions through bounded admin users wrapper params","duration":5.510400000000004,"failureMessages":[],"meta":{},"tags":[]},{"ancestorTitles":["usersApi linked web-account actions"],"fullName":"usersApi linked web-account actions routes users queue pagination through bounded cursor params","status":"passed","title":"routes users queue pagination through bounded cursor params","duration":1.016300000000001,"failureMessages":[],"meta":{},"tags":[]},{"ancestorTitles":["usersApi linked web-account actions"],"fullName":"usersApi linked web-account actions omits empty users queue cursor params from the request","status":"passed","title":"omits empty users queue cursor params from the request","duration":0.4177999999999429,"failureMessages":[],"meta":{},"tags":[]},{"ancestorTitles":["usersApi linked web-account actions"],"fullName":"usersApi linked web-account actions routes activity notifications through bounded admin users wrapper params","status":"passed","title":"routes activity notifications through bounded admin users wrapper params","duration":0.9482000000000426,"failureMessages":[],"meta":{},"tags":[]},{"ancestorTitles":["usersApi linked web-account actions"],"fullName":"usersApi linked web-account actions routes accept-rules through admin users wrapper params","status":"passed","title":"routes accept-rules through admin users wrapper params","duration":0.7569999999999482,"failureMessages":[],"meta":{},"tags":[]},{"ancestorTitles":["usersApi linked web-account actions"],"fullName":"usersApi linked web-account actions routes snooze-link-prompt through admin users wrapper params","status":"passed","title":"routes snooze-link-prompt through admin users wrapper params","duration":0.35580000000004475,"failureMessages":[],"meta":{},"tags":[]},{"ancestorTitles":["usersApi linked web-account actions"],"fullName":"usersApi linked web-account actions routes email-verification challenge through admin users wrapper query params","status":"passed","title":"routes email-verification challenge through admin users wrapper query params","duration":0.42869999999993524,"failureMessages":[],"meta":{},"tags":[]},{"ancestorTitles":["usersApi linked web-account actions"],"fullName":"usersApi linked web-account actions routes search through admin users wrapper with referralCode query params","status":"passed","title":"routes search through admin users wrapper with referralCode query params","duration":1.4612999999999374,"failureMessages":[],"meta":{},"tags":[]},{"ancestorTitles":["usersApi linked web-account actions"],"fullName":"usersApi linked web-account actions routes selected subscription workbench through bounded admin users params","status":"passed","title":"routes selected subscription workbench through bounded admin users params","duration":2.315800000000081,"failureMessages":[],"meta":{},"tags":[]},{"ancestorTitles":["usersApi linked web-account actions"],"fullName":"usersApi linked web-account actions routes device provisioning challenge reads and issues without exposing secrets","status":"passed","title":"routes device provisioning challenge reads and issues without exposing secrets","duration":1.3584000000000742,"failureMessages":[],"meta":{},"tags":[]},{"ancestorTitles":["usersApi linked web-account actions"],"fullName":"usersApi linked web-account actions routes selected-subscription mutation drafts without echoing operator notes or keys","status":"passed","title":"routes selected-subscription mutation drafts without echoing operator notes or keys","duration":0.8117000000000871,"failureMessages":[],"meta":{},"tags":[]},{"ancestorTitles":["usersApi linked web-account actions"],"fullName":"usersApi linked web-account actions routes selected-subscription device reads and revokes with opaque device refs","status":"passed","title":"routes selected-subscription device reads and revokes with opaque device refs","duration":1.251700000000028,"failureMessages":[],"meta":{},"tags":[]},{"ancestorTitles":["usersApi linked web-account actions"],"fullName":"usersApi linked web-account actions routes block and unblock moderation through bounded admin users paths","status":"passed","title":"routes block and unblock moderation through bounded admin users paths","duration":0.5117000000000189,"failureMessages":[],"meta":{},"tags":[]}],"startTime":1777797227253,"endTime":1777797227270.5117,"status":"passed","message":"","name":"V:/REZEIS_ADMIN_RUID_USER/rezeis/rezeis-admin/web/src/features/users/users-api.test.ts"},{"assertionResults":[{"ancestorTitles":["users route page smoke"],"fullName":"users route page smoke renders recent-registered queue rows from backend contract","status":"passed","title":"renders recent-registered queue rows from backend contract","duration":167.86130000000003,"failureMessages":[],"meta":{},"tags":[]},{"ancestorTitles":["users route page smoke"],"fullName":"users route page smoke renders blacklist queue rows from backend contract","status":"passed","title":"renders blacklist queue rows from backend contract","duration":105.46889999999985,"failureMessages":[],"meta":{},"tags":[]},{"ancestorTitles":["users route page smoke"],"fullName":"users route page smoke renders invited queue rows from backend contract","status":"passed","title":"renders invited queue rows from backend contract","duration":239.66010000000006,"failureMessages":[],"meta":{},"tags":[]},{"ancestorTitles":["users route page smoke"],"fullName":"users route page smoke keeps recent-active on the deferred placeholder route","status":"passed","title":"keeps recent-active on the deferred placeholder route","duration":27.358799999999974,"failureMessages":[],"meta":{},"tags":[]},{"ancestorTitles":["users route page smoke"],"fullName":"users route page smoke hydrates once from valid queue handoff params and still supports manual search after that","status":"passed","title":"hydrates once from valid queue handoff params and still supports manual search after that","duration":866.7860000000001,"failureMessages":[],"meta":{},"tags":[]},{"ancestorTitles":["users route page smoke"],"fullName":"users route page smoke does not auto-search when queue handoff params are invalid","status":"passed","title":"does not auto-search when queue handoff params are invalid","duration":61.79619999999977,"failureMessages":[],"meta":{},"tags":[]},{"ancestorTitles":["users route page smoke"],"fullName":"users route page smoke shows contextual queue handoff hint when the auto-lookup is unresolved","status":"passed","title":"shows contextual queue handoff hint when the auto-lookup is unresolved","duration":141.8078999999998,"failureMessages":[],"meta":{},"tags":[]},{"ancestorTitles":["users route page smoke"],"fullName":"users route page smoke hydrates from invited queue handoff params","status":"passed","title":"hydrates from invited queue handoff params","duration":201.79910000000018,"failureMessages":[],"meta":{},"tags":[]},{"ancestorTitles":["users route page smoke"],"fullName":"users route page smoke renders read-only support snapshot context after resolving a user","status":"passed","title":"renders read-only support snapshot context after resolving a user","duration":2672.0262000000002,"failureMessages":[],"meta":{},"tags":[]},{"ancestorTitles":["users route page smoke"],"fullName":"users route page smoke renders explicit deferred state for recent-active route","status":"passed","title":"renders explicit deferred state for recent-active route","duration":12.80789999999979,"failureMessages":[],"meta":{},"tags":[]},{"ancestorTitles":["users route page smoke"],"fullName":"users route page smoke renders invited queue route instead of deferred state","status":"passed","title":"renders invited queue route instead of deferred state","duration":16.024999999999636,"failureMessages":[],"meta":{},"tags":[]},{"ancestorTitles":["users route page smoke"],"fullName":"users route page smoke keeps access diagnostics on canonical userId after referral-code search","status":"passed","title":"keeps access diagnostics on canonical userId after referral-code search","duration":178.0569999999998,"failureMessages":[],"meta":{},"tags":[]},{"ancestorTitles":["users route page smoke"],"fullName":"users route page smoke keeps current-subscription config URL out of the users cockpit","status":"passed","title":"keeps current-subscription config URL out of the users cockpit","duration":127.3764000000001,"failureMessages":[],"meta":{},"tags":[]},{"ancestorTitles":["users route page smoke"],"fullName":"users route page smoke keeps linked-account guidance in caution when diagnostics still require action","status":"passed","title":"keeps linked-account guidance in caution when diagnostics still require action","duration":163.9952999999996,"failureMessages":[],"meta":{},"tags":[]},{"ancestorTitles":["users route page smoke"],"fullName":"users route page smoke shows review-oriented identity reconciliation cues when no linked web account exists","status":"passed","title":"shows review-oriented identity reconciliation cues when no linked web account exists","duration":150.63709999999992,"failureMessages":[],"meta":{},"tags":[]},{"ancestorTitles":["users route page smoke"],"fullName":"users route page smoke falls back safely for unknown identity status and guidance codes","status":"passed","title":"falls back safely for unknown identity status and guidance codes","duration":63.17499999999927,"failureMessages":[],"meta":{},"tags":[]},{"ancestorTitles":["users route page smoke"],"fullName":"users route page smoke keeps known guidance copy localized in ru locale","status":"passed","title":"keeps known guidance copy localized in ru locale","duration":58.51710000000003,"failureMessages":[],"meta":{},"tags":[]},{"ancestorTitles":["users route page smoke"],"fullName":"users route page smoke shows loading-safe guidance copy while connected context is still pending","status":"passed","title":"shows loading-safe guidance copy while connected context is still pending","duration":66.42709999999988,"failureMessages":[],"meta":{},"tags":[]},{"ancestorTitles":["users route page smoke"],"fullName":"users route page smoke keeps valid guidance rows visible when one connected context query fails","status":"passed","title":"keeps valid guidance rows visible when one connected context query fails","duration":238.53609999999935,"failureMessages":[],"meta":{},"tags":[]},{"ancestorTitles":["users route page smoke"],"fullName":"users route page smoke shows triage policy loading cues when action policy is still pending","status":"passed","title":"shows triage policy loading cues when action policy is still pending","duration":127.29299999999967,"failureMessages":[],"meta":{},"tags":[]},{"ancestorTitles":["users route page smoke"],"fullName":"users route page smoke shows triage policy error cues when action policy fails","status":"passed","title":"shows triage policy error cues when action policy fails","duration":218.07680000000073,"failureMessages":[],"meta":{},"tags":[]}],"startTime":1777797225948,"endTime":1777797231854.077,"status":"passed","message":"","name":"V:/REZEIS_ADMIN_RUID_USER/rezeis/rezeis-admin/web/src/features/users/users-route-page.smoke.test.tsx"}]}